<?xml version="1.0" encoding="UTF-8"?>
<!-- Generated by org.testng.reporters.JUnitReportReporter -->
<testsuite skipped="0" hostname="Razib-PC" name="com.appdragon.mobilemed.test.Landing" tests="2" failures="0" timestamp="1 Mar 2017 11:38:06 GMT" time="44.159" errors="0">
  <testcase name="checkTitle" time="29.872" classname="com.appdragon.mobilemed.test.Landing"/>
  <testcase name="checkLogin" time="14.287" classname="com.appdragon.mobilemed.test.Landing"/>
</testsuite> <!-- com.appdragon.mobilemed.test.Landing -->
